\BOOKMARK [1][-]{section*.5}{List of Figures}{}% 1
\BOOKMARK [1][-]{section*.6}{List of Tables}{}% 2
\BOOKMARK [1][-]{section.1}{Introduction}{}% 3
\BOOKMARK [1][-]{section.2}{Literature Review}{}% 4
\BOOKMARK [2][-]{subsection.2.1}{Key Questions \046 Methodology}{section.2}% 5
\BOOKMARK [2][-]{subsection.2.2}{Descriptive Analysis}{section.2}% 6
\BOOKMARK [2][-]{subsection.2.3}{Literature Overview}{section.2}% 7
\BOOKMARK [1][-]{section.3}{Mathematical Formulation}{}% 8
\BOOKMARK [2][-]{subsection.3.1}{Time}{section.3}% 9
\BOOKMARK [2][-]{subsection.3.2}{Households}{section.3}% 10
\BOOKMARK [2][-]{subsection.3.3}{Internal Variables}{section.3}% 11
\BOOKMARK [2][-]{subsection.3.4}{Generation}{section.3}% 12
\BOOKMARK [2][-]{subsection.3.5}{Storage}{section.3}% 13
\BOOKMARK [2][-]{subsection.3.6}{Trade}{section.3}% 14
\BOOKMARK [2][-]{subsection.3.7}{Demand}{section.3}% 15
\BOOKMARK [2][-]{subsection.3.8}{Grid}{section.3}% 16
\BOOKMARK [2][-]{subsection.3.9}{Power Balance}{section.3}% 17
\BOOKMARK [2][-]{subsection.3.10}{Cost Minimization Formula}{section.3}% 18
\BOOKMARK [1][-]{section.4}{Technical Implementation}{}% 19
\BOOKMARK [2][-]{subsection.4.1}{Architecture}{section.4}% 20
\BOOKMARK [2][-]{subsection.4.2}{Work Flow}{section.4}% 21
\BOOKMARK [1][-]{section.5}{Case Study}{}% 22
\BOOKMARK [2][-]{subsection.5.1}{Overview}{section.5}% 23
